<?xml version="1.0" encoding="UTF-8"?>
<!-- Generated by org.testng.reporters.JUnitXMLReporter -->
<testsuite hostname="ED-MacBook-Pro.local" ignored="0" name="Default test" tests="2" failures="0" timestamp="30 Sep 2018 14:22:47 GMT" time="3.446" errors="0">
  <testcase name="verifyHomepageTitle" time="0.308" classname="net.ed.scraper.controller.TestHomeController"/>
  <testcase name="verifyScraperTitle" time="0.406" classname="net.ed.scraper.controller.TestHomeController"/>
</testsuite> <!-- Default test -->
