<?xml version="1.0" encoding="UTF-8"?>
<testng-results skipped="0" failed="0" ignored="0" total="1" passed="1">
  <reporter-output>
  </reporter-output>
  <suite name="Default suite" duration-ms="2958" started-at="2018-09-30T01:04:03Z" finished-at="2018-09-30T01:04:06Z">
    <groups>
    </groups>
    <test name="Default test" duration-ms="2958" started-at="2018-09-30T01:04:03Z" finished-at="2018-09-30T01:04:06Z">
      <class name="net.ed.scraper.controller.TestHomeController">
        <test-method status="PASS" signature="launchBrowser()[pri:0, instance:net.ed.scraper.controller.TestHomeController@548e7350]" name="launchBrowser" is-config="true" duration-ms="2904" started-at="2018-09-30T01:04:03Z" finished-at="2018-09-30T01:04:06Z">
          <reporter-output>
          </reporter-output>
        </test-method> <!-- launchBrowser -->
        <test-method status="PASS" signature="verifyHomepageTitle()[pri:0, instance:net.ed.scraper.controller.TestHomeController@548e7350]" name="verifyHomepageTitle" duration-ms="23" started-at="2018-09-30T01:04:06Z" finished-at="2018-09-30T01:04:06Z">
          <reporter-output>
          </reporter-output>
        </test-method> <!-- verifyHomepageTitle -->
      </class> <!-- net.ed.scraper.controller.TestHomeController -->
    </test> <!-- Default test -->
  </suite> <!-- Default suite -->
</testng-results>
